<?xml version="1.0" encoding="utf-8"?><testsuite errors="0" failures="0" name="pytest" skips="0" tests="4" time="0.146"><testcase classname="test_main" file="test_main.py" line="5" name="test_get_temperature_by_lat_lng[-14.235004--51.92528-62-16]" time="0.002442598342895508"></testcase><testcase classname="test_main" file="test_main.py" line="5" name="test_get_temperature_by_lat_lng[-10.12121--1.2112121-32-0]" time="0.002294301986694336"></testcase><testcase classname="test_main" file="test_main.py" line="5" name="test_get_temperature_by_lat_lng[0-0--459.67--273]" time="0.002517223358154297"></testcase><testcase classname="test_main" file="test_main.py" line="5" name="test_get_temperature_by_lat_lng[0-0-136-57]" time="0.0025801658630371094"></testcase></testsuite>